  GameContactListener.cpp
  Jugador.cpp
  Nivel.cpp
C:\Users\Miguel Aguilar\Desktop\TPI - Juego de plataformas\TPI-PlatformGame\Jugador.cpp(72,17): warning C4305: '=': truncamiento de 'double' a 'float'
C:\Program Files\Microsoft Visual Studio\2022\Community\VC\Tools\MSVC\14.41.34120\include\xutility(403,82): warning C4244: 'argumento': conversión de '_Ty' a 'float'; posible pérdida de datos
C:\Program Files\Microsoft Visual Studio\2022\Community\VC\Tools\MSVC\14.41.34120\include\xutility(403,82): warning C4244:         with
C:\Program Files\Microsoft Visual Studio\2022\Community\VC\Tools\MSVC\14.41.34120\include\xutility(403,82): warning C4244:         [
C:\Program Files\Microsoft Visual Studio\2022\Community\VC\Tools\MSVC\14.41.34120\include\xutility(403,82): warning C4244:             _Ty=int
C:\Program Files\Microsoft Visual Studio\2022\Community\VC\Tools\MSVC\14.41.34120\include\xutility(403,82): warning C4244:         ]
  (compilando archivo de origen "Nivel.cpp")
      C:\Program Files\Microsoft Visual Studio\2022\Community\VC\Tools\MSVC\14.41.34120\include\xutility(403,82):
      el contexto de creación de instancias de la plantilla (el más antiguo primero) es
          C:\Users\Miguel Aguilar\Desktop\TPI - Juego de plataformas\TPI-PlatformGame\Nivel.cpp(48,27):
          Vea la referencia a la creación de una instancia de la función plantilla "std::shared_ptr<Conejo> std::make_shared<Conejo,sf::Vector2f,sf::Vector2f,b2World&,sf::Vector2f,float,float,int>(sf::Vector2f &&,sf::Vector2f &&,b2World &,sf::Vector2f &&,float &&,float &&,int &&)" que se está compilando
          C:\Program Files\Microsoft Visual Studio\2022\Community\VC\Tools\MSVC\14.41.34120\include\memory(2906,46):
          Vea la referencia a la creación de una instancia de la función plantilla "std::_Ref_count_obj2<Conejo>::_Ref_count_obj2<_Ty,_Ty,b2World&,_Ty,float,float,int>(_Ty &&,_Ty &&,b2World &,_Ty &&,float &&,float &&,int &&)" que se está compilando
          with
          [
              _Ty=sf::Vector2f
          ]
          C:\Program Files\Microsoft Visual Studio\2022\Community\VC\Tools\MSVC\14.41.34120\include\memory(2095,18):
          Vea la referencia a la creación de una instancia de la función plantilla "void std::_Construct_in_place<_Ty,sf::Vector2<float>,sf::Vector2<float>,b2World&,sf::Vector2<float>,float,float,int>(_Ty &,sf::Vector2<float> &&,sf::Vector2<float> &&,b2World &,sf::Vector2<float> &&,float &&,float &&,int &&) noexcept(false)" que se está compilando
          with
          [
              _Ty=Conejo
          ]
  
  main.cpp
  Generando código...
  PlatformGame.vcxproj -> C:\Users\Miguel Aguilar\Desktop\TPI - Juego de plataformas\TPI-PlatformGame\x64\Debug\PlatformGame.exe
